/.history            [33m (Status: 403)[0m [Size: 146]
/.bashrc             [33m (Status: 403)[0m [Size: 146]
/.forward            [33m (Status: 403)[0m [Size: 146]
/.config             [33m (Status: 403)[0m [Size: 146]
/.hta                [33m (Status: 403)[0m [Size: 146]
/.cvsignore          [33m (Status: 403)[0m [Size: 146]
/.cvs                [33m (Status: 403)[0m [Size: 146]
/.cache              [33m (Status: 403)[0m [Size: 146]
/.git/HEAD           [33m (Status: 403)[0m [Size: 146]
/.htaccess           [33m (Status: 403)[0m [Size: 146]
/.bash_history       [33m (Status: 403)[0m [Size: 146]
/.htpasswd           [33m (Status: 403)[0m [Size: 146]
/.listing            [33m (Status: 403)[0m [Size: 146]
/.passwd             [33m (Status: 403)[0m [Size: 146]
/.rhosts             [33m (Status: 403)[0m [Size: 146]
/.mysql_history      [33m (Status: 403)[0m [Size: 146]
/.listings           [33m (Status: 403)[0m [Size: 146]
/.perf               [33m (Status: 403)[0m [Size: 146]
/.ssh                [33m (Status: 403)[0m [Size: 146]
/.profile            [33m (Status: 403)[0m [Size: 146]
/.sh_history         [33m (Status: 403)[0m [Size: 146]
/.subversion         [33m (Status: 403)[0m [Size: 146]
/.svn/entries        [33m (Status: 403)[0m [Size: 146]
/.web                [33m (Status: 403)[0m [Size: 146]
/.svn                [33m (Status: 403)[0m [Size: 146]
/.swf                [33m (Status: 403)[0m [Size: 146]
/0                   [32m (Status: 200)[0m [Size: 21954]
/admin               [36m (Status: 302)[0m [Size: 0][34m [--> http://83.136.251.235:49282/wp-admin/][0m
/atom                [32m (Status: 200)[0m [Size: 1699]
/dashboard           [36m (Status: 302)[0m [Size: 0][34m [--> http://83.136.251.235:49282/wp-admin/][0m
/embed               [32m (Status: 200)[0m [Size: 21954]
/feed                [32m (Status: 200)[0m [Size: 1682]
/index.php           [32m (Status: 200)[0m [Size: 21954]
/login               [36m (Status: 302)[0m [Size: 0][34m [--> http://83.136.251.235:49282/wp-login.php][0m
/page1               [32m (Status: 200)[0m [Size: 21954]
/rdf                 [32m (Status: 200)[0m [Size: 1515]
/rss                 [32m (Status: 200)[0m [Size: 642]
/rss2                [32m (Status: 200)[0m [Size: 1682]
/wp-admin            [36m (Status: 301)[0m [Size: 162][34m [--> http://83.136.251.235/wp-admin/][0m
/wp-content          [36m (Status: 301)[0m [Size: 162][34m [--> http://83.136.251.235/wp-content/][0m
/wp-includes         [36m (Status: 301)[0m [Size: 162][34m [--> http://83.136.251.235/wp-includes/][0m
/xmlrpc.php          [33m (Status: 405)[0m [Size: 42]
